build/outputs/logs/manifest-merger-debug-report.txt
-- Merging decision tree log ---
manifest
ADDED from src\main\AndroidManifest.xml:2:1-118:12
INJECTED from src\main\AndroidManifest.xml:2:1-118:12
INJECTED from src\main\AndroidManifest.xml:2:1-118:12
INJECTED from src\main\AndroidManifest.xml:2:1-118:12
MERGED from [:enhancedAESLibrary] AndroidManifest.xml:2:1-17:12
MERGED from [com.android.support:appcompat-v7:23.0.0] AndroidManifest.xml:17:1-24:12
MERGED from [com.android.support:support-v4:23.0.0] AndroidManifest.xml:17:1-24:12
INJECTED from src\main\AndroidManifest.xml:2:1-118:12
INJECTED from src\main\AndroidManifest.xml:2:1-118:12
INJECTED from src\main\AndroidManifest.xml:2:1-118:12
	package
		ADDED from src\main\AndroidManifest.xml:3:5-30
		INJECTED from src\main\AndroidManifest.xml
		INJECTED from src\main\AndroidManifest.xml
	android:versionName
		INJECTED from src\main\AndroidManifest.xml
		ADDED from src\main\AndroidManifest.xml:4:9-63
		INJECTED from src\main\AndroidManifest.xml
	android:versionCode
		INJECTED from src\main\AndroidManifest.xml
		ADDED from src\main\AndroidManifest.xml:2:1-118:12
		INJECTED from src\main\AndroidManifest.xml
	xmlns:android
		ADDED from src\main\AndroidManifest.xml:2:11-69
uses-sdk
ADDED from src\main\AndroidManifest.xml:6:5-8:41
INJECTED from src\main\AndroidManifest.xml:6:5-8:41
INJECTED from src\main\AndroidManifest.xml:6:5-8:41
MERGED from [:enhancedAESLibrary] AndroidManifest.xml:7:5-9:41
MERGED from [:enhancedAESLibrary] AndroidManifest.xml:7:5-9:41
MERGED from [com.android.support:appcompat-v7:23.0.0] AndroidManifest.xml:20:5-43
MERGED from [com.android.support:appcompat-v7:23.0.0] AndroidManifest.xml:20:5-43
MERGED from [com.android.support:support-v4:23.0.0] AndroidManifest.xml:20:5-43
MERGED from [com.android.support:support-v4:23.0.0] AndroidManifest.xml:20:5-43
INJECTED from src\main\AndroidManifest.xml:6:5-8:41
INJECTED from src\main\AndroidManifest.xml:6:5-8:41
	android:targetSdkVersion
		ADDED from src\main\AndroidManifest.xml:8:9-38
		INJECTED from src\main\AndroidManifest.xml
		INJECTED from src\main\AndroidManifest.xml
	android:minSdkVersion
		ADDED from src\main\AndroidManifest.xml:7:9-34
		INJECTED from src\main\AndroidManifest.xml
		INJECTED from src\main\AndroidManifest.xml
uses-permission#android.permission.RECEIVE_SMS
ADDED from src\main\AndroidManifest.xml:10:5-70
	android:name
		ADDED from src\main\AndroidManifest.xml:10:22-67
uses-permission#android.permission.SEND_SMS
ADDED from src\main\AndroidManifest.xml:11:5-67
	android:name
		ADDED from src\main\AndroidManifest.xml:11:22-64
uses-permission#android.permission.READ_CONTACTS
ADDED from src\main\AndroidManifest.xml:12:5-72
	android:name
		ADDED from src\main\AndroidManifest.xml:12:22-69
uses-permission#android.permission.CALL_PHONE
ADDED from src\main\AndroidManifest.xml:13:5-69
	android:name
		ADDED from src\main\AndroidManifest.xml:13:22-66
uses-permission#android.permission.INTERNET
ADDED from src\main\AndroidManifest.xml:15:5-67
	android:name
		ADDED from src\main\AndroidManifest.xml:15:22-64
uses-permission#android.permission.VIBRATE
ADDED from src\main\AndroidManifest.xml:16:5-66
	android:name
		ADDED from src\main\AndroidManifest.xml:16:22-63
uses-permission#android.permission.ACCESS_NETWORK_STATE
ADDED from src\main\AndroidManifest.xml:17:5-79
	android:name
		ADDED from src\main\AndroidManifest.xml:17:22-76
application
ADDED from src\main\AndroidManifest.xml:19:5-116:19
MERGED from [:enhancedAESLibrary] AndroidManifest.xml:11:5-15:19
MERGED from [:enhancedAESLibrary] AndroidManifest.xml:11:5-15:19
MERGED from [com.android.support:appcompat-v7:23.0.0] AndroidManifest.xml:22:5-20
MERGED from [com.android.support:appcompat-v7:23.0.0] AndroidManifest.xml:22:5-20
MERGED from [com.android.support:support-v4:23.0.0] AndroidManifest.xml:22:5-20
MERGED from [com.android.support:support-v4:23.0.0] AndroidManifest.xml:22:5-20
	android:label
		ADDED from src\main\AndroidManifest.xml:22:9-41
	android:icon
		ADDED from src\main\AndroidManifest.xml:21:9-45
	android:allowBackup
		ADDED from src\main\AndroidManifest.xml:20:9-36
	android:theme
		ADDED from src\main\AndroidManifest.xml:23:9-47
activity#ghareeb.smsplus.Activity_MessageCreation
ADDED from src\main\AndroidManifest.xml:24:9-48:20
	android:windowSoftInputMode
		ADDED from src\main\AndroidManifest.xml:26:13-70
	android:name
		ADDED from src\main\AndroidManifest.xml:25:13-52
meta-data#android.support.PARENT_ACTIVITY
ADDED from src\main\AndroidManifest.xml:27:13-29:65
	android:value
		ADDED from src\main\AndroidManifest.xml:29:17-62
	android:name
		ADDED from src\main\AndroidManifest.xml:28:17-63
intent-filter#android.intent.action.SEND+android.intent.action.SENDTO+android.intent.category.DEFAULT
ADDED from src\main\AndroidManifest.xml:31:13-39:29
action#android.intent.action.SENDTO
ADDED from src\main\AndroidManifest.xml:32:17-71
	android:name
		ADDED from src\main\AndroidManifest.xml:32:25-68
action#android.intent.action.SEND
ADDED from src\main\AndroidManifest.xml:33:17-69
	android:name
		ADDED from src\main\AndroidManifest.xml:33:25-66
category#android.intent.category.DEFAULT
ADDED from src\main\AndroidManifest.xml:35:17-76
	android:name
		ADDED from src\main\AndroidManifest.xml:35:27-73
data
ADDED from src\main\AndroidManifest.xml:37:17-46
	android:host
		ADDED from src\main\AndroidManifest.xml:96:21-37
	android:port
		ADDED from src\main\AndroidManifest.xml:97:21-40
	android:scheme
		ADDED from src\main\AndroidManifest.xml:37:23-43
	android:mimeType
		ADDED from src\main\AndroidManifest.xml:46:23-52
activity#ghareeb.smsplus.Activity_Main
ADDED from src\main\AndroidManifest.xml:49:9-52:20
	android:launchMode
		ADDED from src\main\AndroidManifest.xml:51:13-48
	android:name
		ADDED from src\main\AndroidManifest.xml:50:13-41
activity#ghareeb.smsplus.Activity_Chat
ADDED from src\main\AndroidManifest.xml:53:9-60:20
	android:launchMode
		ADDED from src\main\AndroidManifest.xml:55:13-48
	android:windowSoftInputMode
		ADDED from src\main\AndroidManifest.xml:56:13-70
	android:name
		ADDED from src\main\AndroidManifest.xml:54:13-41
activity#ghareeb.smsplus.Activity_About
ADDED from src\main\AndroidManifest.xml:61:9-64:20
	android:screenOrientation
		ADDED from src\main\AndroidManifest.xml:63:13-49
	android:name
		ADDED from src\main\AndroidManifest.xml:62:13-42
activity#ghareeb.smsplus.Activity_Settings
ADDED from src\main\AndroidManifest.xml:65:9-66:20
	android:name
		ADDED from src\main\AndroidManifest.xml:65:19-51
activity#ghareeb.smsplus.Activity_PickContact
ADDED from src\main\AndroidManifest.xml:67:9-68:20
	android:name
		ADDED from src\main\AndroidManifest.xml:67:19-54
activity#ghareeb.smsplus.Activity_RegistrationProgress
ADDED from src\main\AndroidManifest.xml:69:9-66
	android:name
		ADDED from src\main\AndroidManifest.xml:69:19-63
activity#ghareeb.smsplus.Activity_NumberEntering
ADDED from src\main\AndroidManifest.xml:71:9-79:20
	android:windowSoftInputMode
		ADDED from src\main\AndroidManifest.xml:73:13-70
	android:name
		ADDED from src\main\AndroidManifest.xml:72:13-51
intent-filter#android.intent.action.MAIN+android.intent.category.LAUNCHER
ADDED from src\main\AndroidManifest.xml:74:13-78:29
action#android.intent.action.MAIN
ADDED from src\main\AndroidManifest.xml:75:17-69
	android:name
		ADDED from src\main\AndroidManifest.xml:75:25-66
category#android.intent.category.LAUNCHER
ADDED from src\main\AndroidManifest.xml:77:17-77
	android:name
		ADDED from src\main\AndroidManifest.xml:77:27-74
activity#ghareeb.smsplus.Activity_Statistics
ADDED from src\main\AndroidManifest.xml:80:9-84:20
	android:name
		ADDED from src\main\AndroidManifest.xml:80:19-53
activity#ghareeb.smsplus.Activity_ClockError
ADDED from src\main\AndroidManifest.xml:85:9-55
	android:name
		ADDED from src\main\AndroidManifest.xml:85:19-53
receiver#ghareeb.smsplus.Receiver_MessagePartSent
ADDED from src\main\AndroidManifest.xml:87:9-88:20
	android:name
		ADDED from src\main\AndroidManifest.xml:87:19-58
receiver#ghareeb.smsplus.Receiver_MessagePartDelivered
ADDED from src\main\AndroidManifest.xml:89:9-90:20
	android:name
		ADDED from src\main\AndroidManifest.xml:89:19-63
receiver#ghareeb.smsplus.Receiver_MessagePartReceived
ADDED from src\main\AndroidManifest.xml:91:9-100:20
	android:name
		ADDED from src\main\AndroidManifest.xml:91:19-62
intent-filter#android.intent.action.DATA_SMS_RECEIVED
ADDED from src\main\AndroidManifest.xml:92:13-99:29
	android:priority
		ADDED from src\main\AndroidManifest.xml:92:28-50
action#android.intent.action.DATA_SMS_RECEIVED
ADDED from src\main\AndroidManifest.xml:93:17-82
	android:name
		ADDED from src\main\AndroidManifest.xml:93:25-79
receiver#ghareeb.smsplus.Receiver_InternetDetector
ADDED from src\main\AndroidManifest.xml:101:9-105:20
	android:name
		ADDED from src\main\AndroidManifest.xml:101:19-59
intent-filter#android.net.conn.CONNECTIVITY_CHANGE
ADDED from src\main\AndroidManifest.xml:102:13-104:29
action#android.net.conn.CONNECTIVITY_CHANGE
ADDED from src\main\AndroidManifest.xml:103:17-79
	android:name
		ADDED from src\main\AndroidManifest.xml:103:25-76
service#ghareeb.smsplus.Service_MessagePartSent
ADDED from src\main\AndroidManifest.xml:107:9-108:19
	android:name
		ADDED from src\main\AndroidManifest.xml:107:18-56
service#ghareeb.smsplus.Service_MessagePartDelivered
ADDED from src\main\AndroidManifest.xml:109:9-110:19
	android:name
		ADDED from src\main\AndroidManifest.xml:109:18-61
service#ghareeb.smsplus.Service_MessagePartReceived
ADDED from src\main\AndroidManifest.xml:111:9-112:19
	android:name
		ADDED from src\main\AndroidManifest.xml:111:18-60
service#ghareeb.smsplus.Service_NewContactFetcher
ADDED from src\main\AndroidManifest.xml:113:9-114:19
	android:name
		ADDED from src\main\AndroidManifest.xml:113:18-59